# JRE version: OpenJDK Runtime Environment (11.0.11+9) (build 11.0.11+9-b60-7590822)
# Java VM: OpenJDK 64-Bit Server VM (11.0.11+9-b60-7590822, mixed mode, tiered, compressed oops, g1 gc, windows-amd64)
Heap:
 garbage-first heap   total 475136K, used 202240K [0x00000006e0000000, 0x0000000800000000)
  region size 1024K, 4 young (4096K), 4 survivors (4096K)
 Metaspace       used 113616K, capacity 116101K, committed 116308K, reserved 1150976K
  class space    used 14362K, capacity 15291K, committed 15360K, reserved 1048576K
GC Heap History (20 events):
Event: 60.559 GC heap after
{Heap after GC invocations=29 (full 0):
 garbage-first heap   total 225280K, used 109851K [0x00000006e0000000, 0x0000000800000000)
  region size 1024K, 4 young (4096K), 4 survivors (4096K)
 Metaspace       used 100181K, capacity 102395K, committed 102484K, reserved 1138688K
  class space    used 12492K, capacity 13289K, committed 13312K, reserved 1048576K
}
Event: 60.689 GC heap before
{Heap before GC invocations=29 (full 0):
 garbage-first heap   total 225280K, used 115995K [0x00000006e0000000, 0x0000000800000000)
  region size 1024K, 11 young (11264K), 4 survivors (4096K)
 Metaspace       used 100198K, capacity 102396K, committed 102484K, reserved 1138688K
  class space    used 12492K, capacity 13289K, committed 13312K, reserved 1048576K
}
Event: 60.698 GC heap after
{Heap after GC invocations=30 (full 0):
 garbage-first heap   total 225280K, used 100554K [0x00000006e0000000, 0x0000000800000000)
  region size 1024K, 1 young (1024K), 1 survivors (1024K)
 Metaspace       used 100198K, capacity 102396K, committed 102484K, reserved 1138688K
  class space    used 12492K, capacity 13289K, committed 13312K, reserved 1048576K
}
Event: 61.908 GC heap before
{Heap before GC invocations=30 (full 0):
 garbage-first heap   total 225280K, used 166090K [0x00000006e0000000, 0x0000000800000000)
  region size 1024K, 65 young (66560K), 1 survivors (1024K)
 Metaspace       used 103083K, capacity 105256K, committed 105428K, reserved 1140736K
  class space    used 12825K, capacity 13634K, committed 13696K, reserved 1048576K
}
Event: 61.920 GC heap after
{Heap after GC invocations=31 (full 0):
 garbage-first heap   total 225280K, used 104363K [0x00000006e0000000, 0x0000000800000000)
  region size 1024K, 5 young (5120K), 5 survivors (5120K)
 Metaspace       used 103083K, capacity 105256K, committed 105428K, reserved 1140736K
  class space    used 12825K, capacity 13634K, committed 13696K, reserved 1048576K
}
Event: 63.010 GC heap before
{Heap before GC invocations=31 (full 0):
 garbage-first heap   total 225280K, used 168875K [0x00000006e0000000, 0x0000000800000000)
  region size 1024K, 69 young (70656K), 5 survivors (5120K)
 Metaspace       used 105629K, capacity 107890K, committed 107988K, reserved 1142784K
  class space    used 13116K, capacity 13928K, committed 13952K, reserved 1048576K
}
Event: 63.025 GC heap after
{Heap after GC invocations=32 (full 0):
 garbage-first heap   total 225280K, used 108136K [0x00000006e0000000, 0x0000000800000000)
  region size 1024K, 8 young (8192K), 8 survivors (8192K)
 Metaspace       used 105629K, capacity 107890K, committed 107988K, reserved 1142784K
  class space    used 13116K, capacity 13928K, committed 13952K, reserved 1048576K
}
Event: 63.573 GC heap before
{Heap before GC invocations=32 (full 0):
 garbage-first heap   total 225280K, used 146024K [0x00000006e0000000, 0x0000000800000000)
  region size 1024K, 47 young (48128K), 8 survivors (8192K)
 Metaspace       used 106049K, capacity 108381K, committed 108628K, reserved 1144832K
  class space    used 13163K, capacity 14041K, committed 14080K, reserved 1048576K
}
Event: 63.591 GC heap after
{Heap after GC invocations=33 (full 0):
 garbage-first heap   total 225280K, used 111052K [0x00000006e0000000, 0x0000000800000000)
  region size 1024K, 7 young (7168K), 7 survivors (7168K)
 Metaspace       used 106049K, capacity 108381K, committed 108628K, reserved 1144832K
  class space    used 13163K, capacity 14041K, committed 14080K, reserved 1048576K
}
Event: 64.624 GC heap before
{Heap before GC invocations=34 (full 0):
 garbage-first heap   total 225280K, used 199116K [0x00000006e0000000, 0x0000000800000000)
  region size 1024K, 65 young (66560K), 7 survivors (7168K)
 Metaspace       used 109460K, capacity 111859K, committed 111956K, reserved 1146880K
  class space    used 13626K, capacity 14521K, committed 14592K, reserved 1048576K
}
Event: 64.645 GC heap after
{Heap after GC invocations=35 (full 0):
 garbage-first heap   total 225280K, used 142069K [0x00000006e0000000, 0x0000000800000000)
  region size 1024K, 9 young (9216K), 9 survivors (9216K)
 Metaspace       used 109460K, capacity 111859K, committed 111956K, reserved 1146880K
  class space    used 13626K, capacity 14521K, committed 14592K, reserved 1048576K
}
Event: 64.669 GC heap before
{Heap before GC invocations=35 (full 0):
 garbage-first heap   total 225280K, used 144117K [0x00000006e0000000, 0x0000000800000000)
  region size 1024K, 11 young (11264K), 9 survivors (9216K)
 Metaspace       used 109461K, capacity 111859K, committed 111956K, reserved 1146880K
  class space    used 13626K, capacity 14521K, committed 14592K, reserved 1048576K
}
Event: 64.688 GC heap after
{Heap after GC invocations=36 (full 0):
 garbage-first heap   total 270336K, used 137209K [0x00000006e0000000, 0x0000000800000000)
  region size 1024K, 2 young (2048K), 2 survivors (2048K)
 Metaspace       used 109461K, capacity 111859K, committed 111956K, reserved 1146880K
  class space    used 13626K, capacity 14521K, committed 14592K, reserved 1048576K
}
Event: 65.005 GC heap before
{Heap before GC invocations=36 (full 0):
 garbage-first heap   total 270336K, used 158713K [0x00000006e0000000, 0x0000000800000000)
  region size 1024K, 24 young (24576K), 2 survivors (2048K)
 Metaspace       used 109493K, capacity 111859K, committed 111956K, reserved 1146880K
  class space    used 13628K, capacity 14521K, committed 14592K, reserved 1048576K
}
Event: 65.031 GC heap after
{Heap after GC invocations=37 (full 0):
 garbage-first heap   total 270336K, used 146365K [0x00000006e0000000, 0x0000000800000000)
  region size 1024K, 9 young (9216K), 9 survivors (9216K)
 Metaspace       used 109493K, capacity 111859K, committed 111956K, reserved 1146880K
  class space    used 13628K, capacity 14521K, committed 14592K, reserved 1048576K
}
Event: 66.123 GC heap before
{Heap before GC invocations=38 (full 0):
 garbage-first heap   total 270336K, used 205757K [0x00000006e0000000, 0x0000000800000000)
  region size 1024K, 66 young (67584K), 9 survivors (9216K)
 Metaspace       used 111749K, capacity 114187K, committed 114516K, reserved 1148928K
  class space    used 14101K, capacity 14997K, committed 15104K, reserved 1048576K
}
Event: 66.199 GC heap after
{Heap after GC invocations=39 (full 0):
 garbage-first heap   total 270336K, used 171307K [0x00000006e0000000, 0x0000000800000000)
  region size 1024K, 9 young (9216K), 9 survivors (9216K)
 Metaspace       used 111749K, capacity 114187K, committed 114516K, reserved 1148928K
  class space    used 14101K, capacity 14997K, committed 15104K, reserved 1048576K
}
Event: 66.613 GC heap before
{Heap before GC invocations=39 (full 0):
 garbage-first heap   total 270336K, used 211243K [0x00000006e0000000, 0x0000000800000000)
  region size 1024K, 48 young (49152K), 9 survivors (9216K)
 Metaspace       used 111814K, capacity 114254K, committed 114516K, reserved 1148928K
  class space    used 14101K, capacity 14997K, committed 15104K, reserved 1048576K
}
Event: 66.697 GC heap after
{Heap after GC invocations=40 (full 0):
 garbage-first heap   total 270336K, used 192000K [0x00000006e0000000, 0x0000000800000000)
  region size 1024K, 6 young (6144K), 6 survivors (6144K)
 Metaspace       used 111814K, capacity 114254K, committed 114516K, reserved 1148928K
  class space    used 14101K, capacity 14997K, committed 15104K, reserved 1048576K
}
Event: 68.418 GC heap before
{Heap before GC invocations=41 (full 0):
 garbage-first heap   total 270336K, used 216576K [0x00000006e0000000, 0x0000000800000000)
  region size 1024K, 31 young (31744K), 6 survivors (6144K)
 Metaspace       used 113616K, capacity 116101K, committed 116308K, reserved 1150976K
  class space    used 14362K, capacity 15291K, committed 15360K, reserved 1048576K
}

