# JRE version: OpenJDK Runtime Environment (11.0.11+9) (build 11.0.11+9-b60-7590822)
# Java VM: OpenJDK 64-Bit Server VM (11.0.11+9-b60-7590822, mixed mode, tiered, compressed oops, g1 gc, windows-amd64)
Heap:
 garbage-first heap   total 359424K, used 175616K [0x00000006e0000000, 0x0000000800000000)
  region size 1024K, 3 young (3072K), 3 survivors (3072K)
 Metaspace       used 97071K, capacity 99270K, committed 99368K, reserved 1134592K
  class space    used 12668K, capacity 13506K, committed 13568K, reserved 1048576K
GC Heap History (20 events):
Event: 26.409 GC heap after
{Heap after GC invocations=23 (full 0):
 garbage-first heap   total 155648K, used 75370K [0x00000006e0000000, 0x0000000800000000)
  region size 1024K, 7 young (7168K), 7 survivors (7168K)
 Metaspace       used 85112K, capacity 86989K, committed 87208K, reserved 1124352K
  class space    used 11079K, capacity 11800K, committed 11904K, reserved 1048576K
}
Event: 27.412 GC heap before
{Heap before GC invocations=23 (full 0):
 garbage-first heap   total 155648K, used 122474K [0x00000006e0000000, 0x0000000800000000)
  region size 1024K, 54 young (55296K), 7 survivors (7168K)
 Metaspace       used 85939K, capacity 87951K, committed 88104K, reserved 1126400K
  class space    used 11164K, capacity 11941K, committed 12032K, reserved 1048576K
}
Event: 27.429 GC heap after
{Heap after GC invocations=24 (full 0):
 garbage-first heap   total 155648K, used 78943K [0x00000006e0000000, 0x0000000800000000)
  region size 1024K, 4 young (4096K), 4 survivors (4096K)
 Metaspace       used 85939K, capacity 87951K, committed 88104K, reserved 1126400K
  class space    used 11164K, capacity 11941K, committed 12032K, reserved 1048576K
}
Event: 28.504 GC heap before
{Heap before GC invocations=24 (full 0):
 garbage-first heap   total 155648K, used 125023K [0x00000006e0000000, 0x0000000800000000)
  region size 1024K, 50 young (51200K), 4 survivors (4096K)
 Metaspace       used 86492K, capacity 88575K, committed 88616K, reserved 1126400K
  class space    used 11202K, capacity 12019K, committed 12032K, reserved 1048576K
}
Event: 28.519 GC heap after
{Heap after GC invocations=25 (full 0):
 garbage-first heap   total 187392K, used 82179K [0x00000006e0000000, 0x0000000800000000)
  region size 1024K, 7 young (7168K), 7 survivors (7168K)
 Metaspace       used 86492K, capacity 88575K, committed 88616K, reserved 1126400K
  class space    used 11202K, capacity 12019K, committed 12032K, reserved 1048576K
}
Event: 29.609 GC heap before
{Heap before GC invocations=26 (full 0):
 garbage-first heap   total 187392K, used 140547K [0x00000006e0000000, 0x0000000800000000)
  region size 1024K, 65 young (66560K), 7 survivors (7168K)
 Metaspace       used 88926K, capacity 91043K, committed 91176K, reserved 1128448K
  class space    used 11458K, capacity 12262K, committed 12288K, reserved 1048576K
}
Event: 29.630 GC heap after
{Heap after GC invocations=27 (full 0):
 garbage-first heap   total 187392K, used 85697K [0x00000006e0000000, 0x0000000800000000)
  region size 1024K, 7 young (7168K), 7 survivors (7168K)
 Metaspace       used 88926K, capacity 91043K, committed 91176K, reserved 1128448K
  class space    used 11458K, capacity 12262K, committed 12288K, reserved 1048576K
}
Event: 30.301 GC heap before
{Heap before GC invocations=27 (full 0):
 garbage-first heap   total 187392K, used 144065K [0x00000006e0000000, 0x0000000800000000)
  region size 1024K, 65 young (66560K), 7 survivors (7168K)
 Metaspace       used 90758K, capacity 92814K, committed 92968K, reserved 1130496K
  class space    used 11691K, capacity 12487K, committed 12544K, reserved 1048576K
}
Event: 30.318 GC heap after
{Heap after GC invocations=28 (full 0):
 garbage-first heap   total 187392K, used 88278K [0x00000006e0000000, 0x0000000800000000)
  region size 1024K, 6 young (6144K), 6 survivors (6144K)
 Metaspace       used 90758K, capacity 92814K, committed 92968K, reserved 1130496K
  class space    used 11691K, capacity 12487K, committed 12544K, reserved 1048576K
}
Event: 30.706 GC heap before
{Heap before GC invocations=28 (full 0):
 garbage-first heap   total 187392K, used 109782K [0x00000006e0000000, 0x0000000800000000)
  region size 1024K, 26 young (26624K), 6 survivors (6144K)
 Metaspace       used 91434K, capacity 93529K, committed 93736K, reserved 1130496K
  class space    used 11748K, capacity 12529K, committed 12544K, reserved 1048576K
}
Event: 30.726 GC heap after
{Heap after GC invocations=29 (full 0):
 garbage-first heap   total 187392K, used 92965K [0x00000006e0000000, 0x0000000800000000)
  region size 1024K, 5 young (5120K), 5 survivors (5120K)
 Metaspace       used 91434K, capacity 93529K, committed 93736K, reserved 1130496K
  class space    used 11748K, capacity 12529K, committed 12544K, reserved 1048576K
}
Event: 31.465 GC heap before
{Heap before GC invocations=30 (full 0):
 garbage-first heap   total 187392K, used 121637K [0x00000006e0000000, 0x0000000800000000)
  region size 1024K, 27 young (27648K), 5 survivors (5120K)
 Metaspace       used 94424K, capacity 96559K, committed 96808K, reserved 1132544K
  class space    used 12162K, capacity 12989K, committed 13056K, reserved 1048576K
}
Event: 31.481 GC heap after
{Heap after GC invocations=31 (full 0):
 garbage-first heap   total 225280K, used 106335K [0x00000006e0000000, 0x0000000800000000)
  region size 1024K, 8 young (8192K), 8 survivors (8192K)
 Metaspace       used 94424K, capacity 96559K, committed 96808K, reserved 1132544K
  class space    used 12162K, capacity 12989K, committed 13056K, reserved 1048576K
}
Event: 32.012 GC heap before
{Heap before GC invocations=32 (full 0):
 garbage-first heap   total 225280K, used 163679K [0x00000006e0000000, 0x0000000800000000)
  region size 1024K, 46 young (47104K), 8 survivors (8192K)
 Metaspace       used 94698K, capacity 96858K, committed 97064K, reserved 1134592K
  class space    used 12190K, capacity 13024K, committed 13056K, reserved 1048576K
}
Event: 32.079 GC heap after
{Heap after GC invocations=33 (full 0):
 garbage-first heap   total 225280K, used 132020K [0x00000006e0000000, 0x0000000800000000)
  region size 1024K, 9 young (9216K), 9 survivors (9216K)
 Metaspace       used 94698K, capacity 96858K, committed 97064K, reserved 1134592K
  class space    used 12190K, capacity 13024K, committed 13056K, reserved 1048576K
}
Event: 33.036 GC heap before
{Heap before GC invocations=34 (full 0):
 garbage-first heap   total 225280K, used 178100K [0x00000006e0000000, 0x0000000800000000)
  region size 1024K, 53 young (54272K), 9 survivors (9216K)
 Metaspace       used 97013K, capacity 99203K, committed 99368K, reserved 1134592K
  class space    used 12668K, capacity 13506K, committed 13568K, reserved 1048576K
}
Event: 33.103 GC heap after
{Heap after GC invocations=35 (full 0):
 garbage-first heap   total 225280K, used 150864K [0x00000006e0000000, 0x0000000800000000)
  region size 1024K, 7 young (7168K), 7 survivors (7168K)
 Metaspace       used 97013K, capacity 99203K, committed 99368K, reserved 1134592K
  class space    used 12668K, capacity 13506K, committed 13568K, reserved 1048576K
}
Event: 33.385 GC heap before
{Heap before GC invocations=35 (full 0):
 garbage-first heap   total 225280K, used 179536K [0x00000006e0000000, 0x0000000800000000)
  region size 1024K, 35 young (35840K), 7 survivors (7168K)
 Metaspace       used 97032K, capacity 99206K, committed 99368K, reserved 1134592K
  class space    used 12668K, capacity 13506K, committed 13568K, reserved 1048576K
}
Event: 33.431 GC heap after
{Heap after GC invocations=36 (full 0):
 garbage-first heap   total 225280K, used 165376K [0x00000006e0000000, 0x0000000800000000)
  region size 1024K, 5 young (5120K), 5 survivors (5120K)
 Metaspace       used 97032K, capacity 99206K, committed 99368K, reserved 1134592K
  class space    used 12668K, capacity 13506K, committed 13568K, reserved 1048576K
}
Event: 33.845 GC heap before
{Heap before GC invocations=36 (full 0):
 garbage-first heap   total 225280K, used 182784K [0x00000006e0000000, 0x0000000800000000)
  region size 1024K, 23 young (23552K), 5 survivors (5120K)
 Metaspace       used 97071K, capacity 99270K, committed 99368K, reserved 1134592K
  class space    used 12668K, capacity 13506K, committed 13568K, reserved 1048576K
}

