# JRE version: OpenJDK Runtime Environment (11.0.11+9) (build 11.0.11+9-b60-7590822)
# Java VM: OpenJDK 64-Bit Server VM (11.0.11+9-b60-7590822, mixed mode, tiered, compressed oops, g1 gc, windows-amd64)
Heap:
 garbage-first heap   total 470016K, used 185686K [0x00000006e0000000, 0x0000000800000000)
  region size 1024K, 1 young (1024K), 1 survivors (1024K)
 Metaspace       used 100195K, capacity 102640K, committed 102788K, reserved 1138688K
  class space    used 13110K, capacity 14061K, committed 14080K, reserved 1048576K
GC Heap History (20 events):
Event: 40.002 GC heap after
{Heap after GC invocations=31 (full 0):
 garbage-first heap   total 187392K, used 91865K [0x00000006e0000000, 0x0000000800000000)
  region size 1024K, 4 young (4096K), 4 survivors (4096K)
 Metaspace       used 91452K, capacity 93583K, committed 93828K, reserved 1130496K
  class space    used 11750K, capacity 12523K, committed 12544K, reserved 1048576K
}
Event: 40.766 GC heap before
{Heap before GC invocations=32 (full 0):
 garbage-first heap   total 187392K, used 125657K [0x00000006e0000000, 0x0000000800000000)
  region size 1024K, 29 young (29696K), 4 survivors (4096K)
 Metaspace       used 94501K, capacity 96691K, committed 96900K, reserved 1132544K
  class space    used 12168K, capacity 12989K, committed 13056K, reserved 1048576K
}
Event: 40.781 GC heap after
{Heap after GC invocations=33 (full 0):
 garbage-first heap   total 187392K, used 107360K [0x00000006e0000000, 0x0000000800000000)
  region size 1024K, 7 young (7168K), 7 survivors (7168K)
 Metaspace       used 94501K, capacity 96691K, committed 96900K, reserved 1132544K
  class space    used 12168K, capacity 12989K, committed 13056K, reserved 1048576K
}
Event: 41.487 GC heap before
{Heap before GC invocations=34 (full 0):
 garbage-first heap   total 187392K, used 160608K [0x00000006e0000000, 0x0000000800000000)
  region size 1024K, 40 young (40960K), 7 survivors (7168K)
 Metaspace       used 94730K, capacity 96926K, committed 97156K, reserved 1134592K
  class space    used 12191K, capacity 13024K, committed 13056K, reserved 1048576K
}
Event: 41.528 GC heap after
{Heap after GC invocations=35 (full 0):
 garbage-first heap   total 225280K, used 130695K [0x00000006e0000000, 0x0000000800000000)
  region size 1024K, 5 young (5120K), 5 survivors (5120K)
 Metaspace       used 94730K, capacity 96926K, committed 97156K, reserved 1134592K
  class space    used 12191K, capacity 13024K, committed 13056K, reserved 1048576K
}
Event: 41.588 GC heap before
{Heap before GC invocations=35 (full 0):
 garbage-first heap   total 225280K, used 133767K [0x00000006e0000000, 0x0000000800000000)
  region size 1024K, 9 young (9216K), 5 survivors (5120K)
 Metaspace       used 94731K, capacity 96926K, committed 97156K, reserved 1134592K
  class space    used 12191K, capacity 13024K, committed 13056K, reserved 1048576K
}
Event: 41.605 GC heap after
{Heap after GC invocations=36 (full 0):
 garbage-first heap   total 225280K, used 133349K [0x00000006e0000000, 0x0000000800000000)
  region size 1024K, 2 young (2048K), 2 survivors (2048K)
 Metaspace       used 94731K, capacity 96926K, committed 97156K, reserved 1134592K
  class space    used 12191K, capacity 13024K, committed 13056K, reserved 1048576K
}
Event: 42.440 GC heap before
{Heap before GC invocations=37 (full 0):
 garbage-first heap   total 225280K, used 163045K [0x00000006e0000000, 0x0000000800000000)
  region size 1024K, 30 young (30720K), 2 survivors (2048K)
 Metaspace       used 97027K, capacity 99208K, committed 99460K, reserved 1134592K
  class space    used 12674K, capacity 13508K, committed 13568K, reserved 1048576K
}
Event: 42.469 GC heap after
{Heap after GC invocations=38 (full 0):
 garbage-first heap   total 225280K, used 144621K [0x00000006e0000000, 0x0000000800000000)
  region size 1024K, 4 young (4096K), 4 survivors (4096K)
 Metaspace       used 97027K, capacity 99208K, committed 99460K, reserved 1134592K
  class space    used 12674K, capacity 13508K, committed 13568K, reserved 1048576K
}
Event: 42.776 GC heap before
{Heap before GC invocations=38 (full 0):
 garbage-first heap   total 225280K, used 170221K [0x00000006e0000000, 0x0000000800000000)
  region size 1024K, 29 young (29696K), 4 survivors (4096K)
 Metaspace       used 97135K, capacity 99343K, committed 99460K, reserved 1134592K
  class space    used 12674K, capacity 13508K, committed 13568K, reserved 1048576K
}
Event: 42.811 GC heap after
{Heap after GC invocations=39 (full 0):
 garbage-first heap   total 225280K, used 157696K [0x00000006e0000000, 0x0000000800000000)
  region size 1024K, 4 young (4096K), 4 survivors (4096K)
 Metaspace       used 97135K, capacity 99343K, committed 99460K, reserved 1134592K
  class space    used 12674K, capacity 13508K, committed 13568K, reserved 1048576K
}
Event: 43.140 GC heap before
{Heap before GC invocations=39 (full 0):
 garbage-first heap   total 225280K, used 178176K [0x00000006e0000000, 0x0000000800000000)
  region size 1024K, 24 young (24576K), 4 survivors (4096K)
 Metaspace       used 97149K, capacity 99346K, committed 99460K, reserved 1134592K
  class space    used 12674K, capacity 13508K, committed 13568K, reserved 1048576K
}
Event: 43.165 GC heap after
{Heap after GC invocations=40 (full 0):
 garbage-first heap   total 293888K, used 168960K [0x00000006e0000000, 0x0000000800000000)
  region size 1024K, 3 young (3072K), 3 survivors (3072K)
 Metaspace       used 97149K, capacity 99346K, committed 99460K, reserved 1134592K
  class space    used 12674K, capacity 13508K, committed 13568K, reserved 1048576K
}
Event: 43.742 GC heap before
{Heap before GC invocations=41 (full 0):
 garbage-first heap   total 293888K, used 206848K [0x00000006e0000000, 0x0000000800000000)
  region size 1024K, 41 young (41984K), 3 survivors (3072K)
 Metaspace       used 97160K, capacity 99346K, committed 99460K, reserved 1134592K
  class space    used 12674K, capacity 13508K, committed 13568K, reserved 1048576K
}
Event: 43.785 GC heap after
{Heap after GC invocations=42 (full 0):
 garbage-first heap   total 293888K, used 188928K [0x00000006e0000000, 0x0000000800000000)
  region size 1024K, 6 young (6144K), 6 survivors (6144K)
 Metaspace       used 97160K, capacity 99346K, committed 99460K, reserved 1134592K
  class space    used 12674K, capacity 13508K, committed 13568K, reserved 1048576K
}
Event: 44.721 GC heap before
{Heap before GC invocations=42 (full 0):
 garbage-first heap   total 293888K, used 219648K [0x00000006e0000000, 0x0000000800000000)
  region size 1024K, 37 young (37888K), 6 survivors (6144K)
 Metaspace       used 99389K, capacity 101669K, committed 101892K, reserved 1136640K
  class space    used 12987K, capacity 13847K, committed 13952K, reserved 1048576K
}
Event: 44.753 GC heap after
{Heap after GC invocations=43 (full 0):
 garbage-first heap   total 293888K, used 196096K [0x00000006e0000000, 0x0000000800000000)
  region size 1024K, 5 young (5120K), 5 survivors (5120K)
 Metaspace       used 99389K, capacity 101669K, committed 101892K, reserved 1136640K
  class space    used 12987K, capacity 13847K, committed 13952K, reserved 1048576K
}
Event: 45.928 GC heap before
{Heap before GC invocations=44 (full 0):
 garbage-first heap   total 293888K, used 215552K [0x00000006e0000000, 0x0000000800000000)
  region size 1024K, 36 young (36864K), 5 survivors (5120K)
 Metaspace       used 100191K, capacity 102636K, committed 102788K, reserved 1138688K
  class space    used 13109K, capacity 14060K, committed 14080K, reserved 1048576K
}
Event: 45.954 GC heap after
{Heap after GC invocations=45 (full 0):
 garbage-first heap   total 293888K, used 189249K [0x00000006e0000000, 0x0000000800000000)
  region size 1024K, 4 young (4096K), 4 survivors (4096K)
 Metaspace       used 100191K, capacity 102636K, committed 102788K, reserved 1138688K
  class space    used 13109K, capacity 14060K, committed 14080K, reserved 1048576K
}
Event: 45.990 GC heap before
{Heap before GC invocations=45 (full 0):
 garbage-first heap   total 293888K, used 199489K [0x00000006e0000000, 0x0000000800000000)
  region size 1024K, 14 young (14336K), 4 survivors (4096K)
 Metaspace       used 100195K, capacity 102640K, committed 102788K, reserved 1138688K
  class space    used 13110K, capacity 14061K, committed 14080K, reserved 1048576K
}

