# JRE version: OpenJDK Runtime Environment (11.0.11+9) (build 11.0.11+9-b60-7590822)
# Java VM: OpenJDK 64-Bit Server VM (11.0.11+9-b60-7590822, mixed mode, tiered, compressed oops, g1 gc, windows-amd64)
Heap:
 garbage-first heap   total 334848K, used 245760K [0x00000006e0000000, 0x0000000800000000)
  region size 1024K, 15 young (15360K), 2 survivors (2048K)
 Metaspace       used 133961K, capacity 138068K, committed 138240K, reserved 1169408K
  class space    used 16757K, capacity 18151K, committed 18176K, reserved 1048576K
GC Heap History (20 events):
Event: 408.430 GC heap before
{Heap before GC invocations=115 (full 0):
 garbage-first heap   total 278528K, used 229458K [0x00000006e0000000, 0x0000000800000000)
  region size 1024K, 49 young (50176K), 7 survivors (7168K)
 Metaspace       used 128590K, capacity 132304K, committed 132480K, reserved 1165312K
  class space    used 15895K, capacity 17176K, committed 17280K, reserved 1048576K
}
Event: 408.437 GC heap after
{Heap after GC invocations=116 (full 0):
 garbage-first heap   total 278528K, used 184849K [0x00000006e0000000, 0x0000000800000000)
  region size 1024K, 2 young (2048K), 2 survivors (2048K)
 Metaspace       used 128590K, capacity 132304K, committed 132480K, reserved 1165312K
  class space    used 15895K, capacity 17176K, committed 17280K, reserved 1048576K
}
Event: 408.699 GC heap before
{Heap before GC invocations=116 (full 0):
 garbage-first heap   total 278528K, used 195089K [0x00000006e0000000, 0x0000000800000000)
  region size 1024K, 13 young (13312K), 2 survivors (2048K)
 Metaspace       used 128646K, capacity 132389K, committed 132736K, reserved 1165312K
  class space    used 15899K, capacity 17183K, committed 17280K, reserved 1048576K
}
Event: 408.710 GC heap after
{Heap after GC invocations=117 (full 0):
 garbage-first heap   total 278528K, used 181085K [0x00000006e0000000, 0x0000000800000000)
  region size 1024K, 1 young (1024K), 1 survivors (1024K)
 Metaspace       used 128646K, capacity 132389K, committed 132736K, reserved 1165312K
  class space    used 15899K, capacity 17183K, committed 17280K, reserved 1048576K
}
Event: 410.298 GC heap before
{Heap before GC invocations=117 (full 0):
 garbage-first heap   total 278528K, used 229213K [0x00000006e0000000, 0x0000000800000000)
  region size 1024K, 48 young (49152K), 1 survivors (1024K)
 Metaspace       used 129591K, capacity 133300K, committed 133632K, reserved 1165312K
  class space    used 15999K, capacity 17293K, committed 17408K, reserved 1048576K
}
Event: 410.311 GC heap after
{Heap after GC invocations=118 (full 0):
 garbage-first heap   total 278528K, used 184131K [0x00000006e0000000, 0x0000000800000000)
  region size 1024K, 4 young (4096K), 4 survivors (4096K)
 Metaspace       used 129591K, capacity 133300K, committed 133632K, reserved 1165312K
  class space    used 15999K, capacity 17293K, committed 17408K, reserved 1048576K
}
Event: 412.291 GC heap before
{Heap before GC invocations=118 (full 0):
 garbage-first heap   total 278528K, used 213827K [0x00000006e0000000, 0x0000000800000000)
  region size 1024K, 35 young (35840K), 4 survivors (4096K)
 Metaspace       used 130144K, capacity 133877K, committed 134144K, reserved 1165312K
  class space    used 16062K, capacity 17347K, committed 17408K, reserved 1048576K
}
Event: 412.311 GC heap after
{Heap after GC invocations=119 (full 0):
 garbage-first heap   total 278528K, used 186235K [0x00000006e0000000, 0x0000000800000000)
  region size 1024K, 6 young (6144K), 6 survivors (6144K)
 Metaspace       used 130144K, capacity 133877K, committed 134144K, reserved 1165312K
  class space    used 16062K, capacity 17347K, committed 17408K, reserved 1048576K
}
Event: 415.237 GC heap before
{Heap before GC invocations=120 (full 0):
 garbage-first heap   total 278528K, used 225147K [0x00000006e0000000, 0x0000000800000000)
  region size 1024K, 51 young (52224K), 6 survivors (6144K)
 Metaspace       used 130637K, capacity 134497K, committed 134784K, reserved 1167360K
  class space    used 16132K, capacity 17475K, committed 17536K, reserved 1048576K
}
Event: 415.250 GC heap after
{Heap after GC invocations=121 (full 0):
 garbage-first heap   total 278528K, used 183030K [0x00000006e0000000, 0x0000000800000000)
  region size 1024K, 5 young (5120K), 5 survivors (5120K)
 Metaspace       used 130637K, capacity 134497K, committed 134784K, reserved 1167360K
  class space    used 16132K, capacity 17475K, committed 17536K, reserved 1048576K
}
Event: 423.730 GC heap before
{Heap before GC invocations=121 (full 0):
 garbage-first heap   total 278528K, used 193270K [0x00000006e0000000, 0x0000000800000000)
  region size 1024K, 13 young (13312K), 5 survivors (5120K)
 Metaspace       used 130978K, capacity 134976K, committed 135040K, reserved 1167360K
  class space    used 16180K, capacity 17526K, committed 17536K, reserved 1048576K
}
Event: 423.745 GC heap after
{Heap after GC invocations=122 (full 0):
 garbage-first heap   total 278528K, used 171008K [0x00000006e0000000, 0x0000000800000000)
  region size 1024K, 2 young (2048K), 2 survivors (2048K)
 Metaspace       used 130978K, capacity 134976K, committed 135040K, reserved 1167360K
  class space    used 16180K, capacity 17526K, committed 17536K, reserved 1048576K
}
Event: 425.732 GC heap before
{Heap before GC invocations=122 (full 0):
 garbage-first heap   total 278528K, used 248832K [0x00000006e0000000, 0x0000000800000000)
  region size 1024K, 57 young (58368K), 2 survivors (2048K)
 Metaspace       used 132169K, capacity 136210K, committed 136320K, reserved 1167360K
  class space    used 16372K, capacity 17747K, committed 17792K, reserved 1048576K
}
Event: 425.771 GC heap after
{Heap after GC invocations=123 (full 0):
 garbage-first heap   total 278528K, used 202784K [0x00000006e0000000, 0x0000000800000000)
  region size 1024K, 8 young (8192K), 8 survivors (8192K)
 Metaspace       used 132169K, capacity 136210K, committed 136320K, reserved 1167360K
  class space    used 16372K, capacity 17747K, committed 17792K, reserved 1048576K
}
Event: 426.516 GC heap before
{Heap before GC invocations=123 (full 0):
 garbage-first heap   total 278528K, used 231456K [0x00000006e0000000, 0x0000000800000000)
  region size 1024K, 37 young (37888K), 8 survivors (8192K)
 Metaspace       used 133899K, capacity 138001K, committed 138240K, reserved 1169408K
  class space    used 16757K, capacity 18151K, committed 18176K, reserved 1048576K
}
Event: 426.566 GC heap after
{Heap after GC invocations=124 (full 0):
 garbage-first heap   total 278528K, used 214992K [0x00000006e0000000, 0x0000000800000000)
  region size 1024K, 5 young (5120K), 5 survivors (5120K)
 Metaspace       used 133899K, capacity 138001K, committed 138240K, reserved 1169408K
  class space    used 16757K, capacity 18151K, committed 18176K, reserved 1048576K
}
Event: 426.784 GC heap before
{Heap before GC invocations=124 (full 0):
 garbage-first heap   total 278528K, used 234448K [0x00000006e0000000, 0x0000000800000000)
  region size 1024K, 24 young (24576K), 5 survivors (5120K)
 Metaspace       used 133912K, capacity 138004K, committed 138240K, reserved 1169408K
  class space    used 16757K, capacity 18151K, committed 18176K, reserved 1048576K
}
Event: 426.811 GC heap after
{Heap after GC invocations=125 (full 0):
 garbage-first heap   total 278528K, used 225792K [0x00000006e0000000, 0x0000000800000000)
  region size 1024K, 3 young (3072K), 3 survivors (3072K)
 Metaspace       used 133912K, capacity 138004K, committed 138240K, reserved 1169408K
  class space    used 16757K, capacity 18151K, committed 18176K, reserved 1048576K
}
Event: 427.227 GC heap before
{Heap before GC invocations=125 (full 0):
 garbage-first heap   total 278528K, used 238080K [0x00000006e0000000, 0x0000000800000000)
  region size 1024K, 15 young (15360K), 3 survivors (3072K)
 Metaspace       used 133957K, capacity 138068K, committed 138240K, reserved 1169408K
  class space    used 16757K, capacity 18151K, committed 18176K, reserved 1048576K
}
Event: 427.250 GC heap after
{Heap after GC invocations=126 (full 0):
 garbage-first heap   total 334848K, used 233472K [0x00000006e0000000, 0x0000000800000000)
  region size 1024K, 2 young (2048K), 2 survivors (2048K)
 Metaspace       used 133957K, capacity 138068K, committed 138240K, reserved 1169408K
  class space    used 16757K, capacity 18151K, committed 18176K, reserved 1048576K
}

